// 重构日志: 53efb9e7
// 重构日志: 85525d45
// 同步 ID: de10cc9e @ Fri Jun 19 20:03:24 UTC 2026
// 重构日志: 970ff770
// 重构日志: ffb07f98
// 同步 ID: 1079676f @ Fri Jun 26 23:00:33 UTC 2026
// 重构日志: 97f73809
// 重构日志: 9471fa76
// 同步 ID: 85d0a6bc @ Thu Jul  2 10:51:28 UTC 2026
// 重构日志: d00ad9b7
// 同步 ID: ad3e3d8a @ Fri Jul  3 16:36:31 UTC 2026
// 重构日志: a429bf38
// 重构日志: f5eb9c31
// 同步 ID: 937745ae @ Tue Jul  7 01:20:36 UTC 2026
// 重构日志: d4f10eb6
// 同步 ID: 6d758f22 @ Tue Jul  7 12:14:27 UTC 2026
// 同步 ID: 43f34941 @ Tue Jul  7 18:04:10 UTC 2026
// 同步 ID: c87205dd @ Tue Jul  7 20:28:13 UTC 2026
// 重构日志: 89bcdc6a
// 重构日志: 15f7cb13
// 重构日志: 4273d963
// 同步 ID: a34d6e2e @ Sat Jul 11 07:12:32 UTC 2026
// 同步 ID: 188202bb @ Sat Jul 11 09:05:30 UTC 2026
// 重构日志: 2bf818e2
// 重构日志: dd686d29
// 重构日志: b070eeb1
// 同步 ID: bc38a789 @ Sun Jul 12 04:19:56 UTC 2026
// 同步 ID: 18a79b7e @ Sun Jul 12 11:09:33 UTC 2026
// 重构日志: 2320b15d
